<?xml version="1.0" encoding="UTF-8"?>
<!-- Generated by org.testng.reporters.JUnitReportReporter -->
<testsuite hostname="DESKTOP-GE45KKD" failures="0" tests="3" name="com.crm.qa.testcases.LoginPageTest" time="98.992" errors="0" timestamp="2022-03-28T13:44:45 IST" skipped="0">
  <testcase classname="com.crm.qa.testcases.LoginPageTest" name="homePageTitleTest" time="30.530"/>
  <system-out/>
  <testcase classname="com.crm.qa.testcases.LoginPageTest" name="qe1searchTestValidation" time="44.101"/>
  <system-out/>
  <testcase classname="com.crm.qa.testcases.LoginPageTest" name="qe2searchTestValidation" time="24.361"/>
  <system-out/>
</testsuite> <!-- com.crm.qa.testcases.LoginPageTest -->
