<?xml version="1.0" encoding="UTF-8"?>
<!-- Generated by org.testng.reporters.JUnitReportReporter -->
<testsuite hostname="DESKTOP-GE45KKD" failures="0" tests="4" name="com.crm.qa.testcases.WebTest" time="23.809" errors="0" timestamp="2023-05-10T02:31:54 IST" skipped="0">
  <testcase classname="com.crm.qa.testcases.WebTest" name="navigateToAmazonPage" time="4.377"/>
  <system-out/>
  <testcase classname="com.crm.qa.testcases.WebTest" name="searchItem" time="4.373"/>
  <system-out/>
  <testcase classname="com.crm.qa.testcases.WebTest" name="navigateToProductDetailsPage" time="9.434"/>
  <system-out/>
  <testcase classname="com.crm.qa.testcases.WebTest" name="addtoCart" time="5.625"/>
  <system-out/>
</testsuite> <!-- com.crm.qa.testcases.WebTest -->
