<?xml version="1.0" encoding="UTF-8"?>
<!-- Generated by org.testng.reporters.JUnitReportReporter -->
<testsuite hostname="DESKTOP-GE45KKD" failures="0" tests="4" name="com.crm.qa.testcases.WebTest" time="19.227" errors="0" timestamp="2023-05-10T01:53:41 IST" skipped="0">
  <testcase classname="com.crm.qa.testcases.WebTest" name="navigateToAmazonPage" time="3.530"/>
  <system-out/>
  <testcase classname="com.crm.qa.testcases.WebTest" name="searchItem" time="3.417"/>
  <system-out/>
  <testcase classname="com.crm.qa.testcases.WebTest" name="navigateToProductDetailsPage" time="6.983"/>
  <system-out/>
  <testcase classname="com.crm.qa.testcases.WebTest" name="addtoCart" time="5.297"/>
  <system-out/>
</testsuite> <!-- com.crm.qa.testcases.WebTest -->
