<?xml version="1.0" encoding="UTF-8"?>
<!-- Generated by org.testng.reporters.JUnitReportReporter -->
<testsuite hostname="DESKTOP-GE45KKD" failures="0" tests="8" name="com.crm.qa.testcases.ApiTest" time="4.686" errors="0" timestamp="2023-05-10T02:29:22 IST" skipped="0">
  <testcase classname="com.crm.qa.testcases.ApiTest" name="createNewUserPositiveScenario" time="1.907"/>
  <system-out/>
  <testcase classname="com.crm.qa.testcases.ApiTest" name="createNewPostPositiveScenario" time="0.454"/>
  <system-out/>
  <testcase classname="com.crm.qa.testcases.ApiTest" name="createNewCommentPositiveScenario" time="0.397"/>
  <system-out/>
  <testcase classname="com.crm.qa.testcases.ApiTest" name="createtodoPositiveScenario" time="0.402"/>
  <system-out/>
  <testcase classname="com.crm.qa.testcases.ApiTest" name="createNewUserNegativeScenarioSameEmail" time="0.375"/>
  <system-out/>
  <testcase classname="com.crm.qa.testcases.ApiTest" name="createNewUserNegativeScenarioInvalidEmailFormat" time="0.384"/>
  <system-out/>
  <testcase classname="com.crm.qa.testcases.ApiTest" name="createNewUserNegativeScenarioMandatoryFieldMissing" time="0.382"/>
  <system-out/>
  <testcase classname="com.crm.qa.testcases.ApiTest" name="fetchCreatedUserDetailsAndCompare" time="0.385"/>
  <system-out/>
</testsuite> <!-- com.crm.qa.testcases.ApiTest -->
