<?xml version="1.0" encoding="UTF-8"?>
<!-- Generated by org.testng.reporters.JUnitReportReporter -->
<testsuite hostname="DESKTOP-GE45KKD" failures="0" tests="8" name="com.crm.qa.testcases.ApiTest" time="1.772" errors="0" timestamp="2023-05-10T00:09:11 IST" skipped="0">
  <testcase classname="com.crm.qa.testcases.ApiTest" name="createNewUserPositiveScenario" time="0.811"/>
  <system-out/>
  <testcase classname="com.crm.qa.testcases.ApiTest" name="createNewPostPositiveScenario" time="0.167"/>
  <system-out/>
  <testcase classname="com.crm.qa.testcases.ApiTest" name="createNewCommentPositiveScenario" time="0.151"/>
  <system-out/>
  <testcase classname="com.crm.qa.testcases.ApiTest" name="createtodoPositiveScenario" time="0.143"/>
  <system-out/>
  <testcase classname="com.crm.qa.testcases.ApiTest" name="createNewUserNegativeScenarioSameEmail" time="0.127"/>
  <system-out/>
  <testcase classname="com.crm.qa.testcases.ApiTest" name="createNewUserNegativeScenarioInvalidEmailFormat" time="0.130"/>
  <system-out/>
  <testcase classname="com.crm.qa.testcases.ApiTest" name="createNewUserNegativeScenarioMandatoryFieldMissing" time="0.125"/>
  <system-out/>
  <testcase classname="com.crm.qa.testcases.ApiTest" name="fetchCreatedUserDetailsAndCompare" time="0.118"/>
  <system-out/>
</testsuite> <!-- com.crm.qa.testcases.ApiTest -->
